app/build/intermediates/manifest_merge_blame_file/debug/manifest-merger-blame-debug-report.txt
1<?xml version="1.0" encoding="utf-8"?>
2<manifest xmlns:android="http://schemas.android.com/apk/res/android"
3    package="com.tsahilgaanchin.app"
4    android:versionCode="1"
5    android:versionName="1.0" >
6
7    <uses-sdk
8        android:minSdkVersion="24"
9        android:targetSdkVersion="34" />
10
11    <application
11-->src/main/AndroidManifest.xml:3:5-16:19
12        android:allowBackup="true"
12-->src/main/AndroidManifest.xml:4:9-35
13        android:debuggable="true"
14        android:extractNativeLibs="false"
15        android:label="TsahilgaanchinApp" >
15-->src/main/AndroidManifest.xml:5:9-42
16        <activity
16-->src/main/AndroidManifest.xml:7:9-14:20
17            android:name="com.tsahilgaanchin.app.MainActivity"
17-->src/main/AndroidManifest.xml:8:13-41
18            android:exported="true" >
18-->src/main/AndroidManifest.xml:9:13-36
19            <intent-filter>
19-->src/main/AndroidManifest.xml:10:13-13:29
20                <action android:name="android.intent.action.MAIN" />
20-->src/main/AndroidManifest.xml:11:17-69
20-->src/main/AndroidManifest.xml:11:25-66
21
22                <category android:name="android.intent.category.LAUNCHER" />
22-->src/main/AndroidManifest.xml:12:17-77
22-->src/main/AndroidManifest.xml:12:27-74
23            </intent-filter>
24        </activity>
25    </application>
26
27</manifest>